<?xml version="1.0" encoding="UTF-8"?>
<testng-results ignored="0" total="2" passed="2" failed="0" skipped="0">
  <reporter-output>
  </reporter-output>
  <suite started-at="2023-08-04T16:13:57 IST" name="Default suite" finished-at="2023-08-04T16:14:01 IST" duration-ms="3402">
    <groups>
    </groups>
    <test started-at="2023-08-04T16:13:57 IST" name="Default test" finished-at="2023-08-04T16:14:01 IST" duration-ms="3402">
      <class name="day2.WaystoCreatePostRequestBody">
        <test-method signature="testPostUsingExternalJsonFile()[pri:1, instance:day2.WaystoCreatePostRequestBody@5d0a1059]" started-at="2023-08-04T16:13:57 IST" name="testPostUsingExternalJsonFile" finished-at="2023-08-04T16:14:01 IST" duration-ms="3190" status="PASS">
          <reporter-output>
          </reporter-output>
        </test-method> <!-- testPostUsingExternalJsonFile -->
        <test-method signature="testDelete()[pri:2, instance:day2.WaystoCreatePostRequestBody@5d0a1059]" started-at="2023-08-04T16:14:01 IST" name="testDelete" finished-at="2023-08-04T16:14:01 IST" duration-ms="112" status="PASS">
          <reporter-output>
          </reporter-output>
        </test-method> <!-- testDelete -->
      </class> <!-- day2.WaystoCreatePostRequestBody -->
    </test> <!-- Default test -->
  </suite> <!-- Default suite -->
</testng-results>
